0001_0028_0005_0061_0061.jpg 1 28 5 61 61
0002_0020_0045_0044_0044.jpg 1 20 45 44 44
0003_0043_0047_0024_0024.jpg 1 43 47 24 24
0004_0012_0020_0047_0047.jpg 1 12 20 47 47
0005_0007_0024_0064_0064.jpg 1 7 24 64 64
0006_0019_0033_0060_0060.jpg 1 19 33 60 60
0007_0029_0050_0040_0040.jpg 1 29 50 40 40
0008_0020_0013_0068_0068.jpg 1 20 13 68 68
0009_0008_0008_0051_0051.jpg 1 8 8 51 51
0010_0036_0041_0047_0047.jpg 1 36 41 47 47
0011_0006_0014_0054_0054.jpg 1 6 14 54 54
0012_0044_0007_0049_0049.jpg 1 44 7 49 49
0013_0025_0034_0051_0051.jpg 1 25 34 51 51
0014_0009_0054_0027_0027.jpg 1 9 54 27 27
0015_0027_0011_0067_0067.jpg 1 27 11 67 67
0016_0025_0032_0061_0061.jpg 1 25 32 61 61
0017_0035_0055_0035_0035.jpg 1 35 55 35 35
0018_0009_0004_0056_0056.jpg 1 9 4 56 56
0019_0015_0017_0033_0033.jpg 1 15 17 33 33
0020_0057_0011_0026_0026.jpg 1 57 11 26 26
0021_0047_0018_0026_0026.jpg 1 47 18 26 26
0022_0013_0009_0035_0035.jpg 1 13 9 35 35
0023_0029_0014_0067_0067.jpg 1 29 14 67 67
0024_0020_0040_0030_0030.jpg 1 20 40 30 30
0025_0023_0026_0046_0046.jpg 1 23 26 46 46
0026_0045_0036_0035_0035.jpg 1 45 36 35 35
0027_0052_0051_0038_0038.jpg 1 52 51 38 38
0028_0024_0025_0058_0058.jpg 1 24 25 58 58
0029_0028_0023_0048_0048.jpg 1 28 23 48 48
0030_0026_0015_0059_0059.jpg 1 26 15 59 59
0031_0049_0014_0044_0044.jpg 1 49 14 44 44
0032_0010_0035_0050_0050.jpg 1 10 35 50 50
0033_0006_0004_0068_0068.jpg 1 6 4 68 68
0034_0020_0029_0062_0062.jpg 1 20 29 62 62
0035_0048_0017_0040_0040.jpg 1 48 17 40 40
0036_0003_0025_0065_0065.jpg 1 3 25 65 65
0037_0010_0004_0069_0069.jpg 1 10 4 69 69
0038_0057_0033_0029_0029.jpg 1 57 33 29 29
0039_0027_0021_0058_0058.jpg 1 27 21 58 58
0040_0017_0005_0069_0069.jpg 1 17 5 69 69
0041_0049_0007_0026_0026.jpg 1 49 7 26 26
0042_0027_0042_0053_0053.jpg 1 27 42 53 53
0043_0012_0025_0069_0069.jpg 1 12 25 69 69
0044_0014_0053_0030_0030.jpg 1 14 53 30 30
0045_0016_0006_0047_0047.jpg 1 16 6 47 47
0046_0016_0030_0055_0055.jpg 1 16 30 55 55
0047_0016_0004_0065_0065.jpg 1 16 4 65 65
0048_0021_0040_0026_0026.jpg 1 21 40 26 26
0049_0030_0016_0031_0031.jpg 1 30 16 31 31
0050_0041_0012_0050_0050.jpg 1 41 12 50 50
0051_0013_0040_0041_0041.jpg 1 13 40 41 41
0052_0041_0026_0038_0038.jpg 1 41 26 38 38
0053_0039_0048_0025_0025.jpg 1 39 48 25 25
0054_0016_0044_0036_0036.jpg 1 16 44 36 36
0055_0013_0041_0043_0043.jpg 1 13 41 43 43
0056_0027_0035_0038_0038.jpg 1 27 35 38 38
0057_0034_0008_0039_0039.jpg 1 34 8 39 39
0058_0036_0028_0030_0030.jpg 1 36 28 30 30
0059_0004_0032_0061_0061.jpg 1 4 32 61 61
0060_0025_0027_0068_0068.jpg 1 25 27 68 68
0061_0032_0038_0056_0056.jpg 1 32 38 56 56
0062_0042_0051_0037_0037.jpg 1 42 51 37 37
0063_0021_0012_0068_0068.jpg 1 21 12 68 68
0064_0018_0023_0024_0024.jpg 1 18 23 24 24
0065_0017_0022_0050_0050.jpg 1 17 22 50 50
0066_0016_0034_0028_0028.jpg 1 16 34 28 28
0067_0011_0052_0041_0041.jpg 1 11 52 41 41
0068_0037_0010_0034_0034.jpg 1 37 10 34 34
0069_0044_0043_0043_0043.jpg 1 44 43 43 43
0070_0038_0012_0046_0046.jpg 1 38 12 46 46
0071_0059_0007_0031_0031.jpg 1 59 7 31 31
0072_0022_0054_0028_0028.jpg 1 22 54 28 28
0073_0025_0024_0069_0069.jpg 1 25 24 69 69
0074_0020_0034_0041_0041.jpg 1 20 34 41 41
0075_0044_0042_0046_0046.jpg 1 44 42 46 46
0076_0017_0025_0047_0047.jpg 1 17 25 47 47
0077_0028_0025_0066_0066.jpg 1 28 25 66 66
0078_0010_0015_0057_0057.jpg 1 10 15 57 57
0079_0020_0022_0046_0046.jpg 1 20 22 46 46
0080_0009_0011_0053_0053.jpg 1 9 11 53 53
0081_0034_0007_0054_0054.jpg 1 34 7 54 54
0082_0034_0012_0059_0059.jpg 1 34 12 59 59
0083_0007_0012_0049_0049.jpg 1 7 12 49 49
0084_0025_0040_0051_0051.jpg 1 25 40 51 51
0085_0027_0008_0039_0039.jpg 1 27 8 39 39
0086_0049_0036_0031_0031.jpg 1 49 36 31 31
0087_0016_0022_0061_0061.jpg 1 16 22 61 61
0088_0022_0030_0042_0042.jpg 1 22 30 42 42
0089_0037_0013_0051_0051.jpg 1 37 13 51 51
0090_0012_0006_0045_0045.jpg 1 12 6 45 45
0091_0048_0040_0035_0035.jpg 1 48 40 35 35
0092_0021_0008_0058_0058.jpg 1 21 8 58 58
0093_0052_0058_0030_0030.jpg 1 52 58 30 30
0094_0039_0019_0046_0046.jpg 1 39 19 46 46
0095_0022_0023_0064_0064.jpg 1 22 23 64 64
0096_0042_0015_0045_0045.jpg 1 42 15 45 45
0097_0010_0020_0065_0065.jpg 1 10 20 65 65
0098_0031_0059_0028_0028.jpg 1 31 59 28 28
0099_0053_0019_0026_0026.jpg 1 53 19 26 26
0100_0027_0018_0069_0069.jpg 1 27 18 69 69
0101_0051_0029_0041_0041.jpg 1 51 29 41 41
0102_0014_0020_0068_0068.jpg 1 14 20 68 68
0103_0016_0045_0029_0029.jpg 1 16 45 29 29
0104_0018_0030_0048_0048.jpg 1 18 30 48 48
0105_0009_0016_0069_0069.jpg 1 9 16 69 69
0106_0047_0055_0035_0035.jpg 1 47 55 35 35
0107_0019_0039_0025_0025.jpg 1 19 39 25 25
0108_0010_0045_0039_0039.jpg 1 10 45 39 39
0109_0036_0029_0025_0025.jpg 1 36 29 25 25
0110_0023_0054_0034_0034.jpg 1 23 54 34 34
0111_0042_0034_0040_0040.jpg 1 42 34 40 40
0112_0014_0024_0069_0069.jpg 1 14 24 69 69
0113_0044_0035_0034_0034.jpg 1 44 35 34 34
0114_0028_0051_0025_0025.jpg 1 28 51 25 25
0115_0009_0024_0064_0064.jpg 1 9 24 64 64
0116_0016_0011_0068_0068.jpg 1 16 11 68 68
0117_0010_0009_0040_0040.jpg 1 10 9 40 40
0118_0045_0010_0047_0047.jpg 1 45 10 47 47
0119_0031_0028_0055_0055.jpg 1 31 28 55 55
0120_0014_0014_0059_0059.jpg 1 14 14 59 59
0121_0052_0022_0024_0024.jpg 1 52 22 24 24
0122_0041_0060_0031_0031.jpg 1 41 60 31 31
0123_0064_0053_0027_0027.jpg 1 64 53 27 27
0124_0014_0018_0069_0069.jpg 1 14 18 69 69
0125_0046_0047_0024_0024.jpg 1 46 47 24 24
0126_0044_0043_0034_0034.jpg 1 44 43 34 34
0127_0022_0026_0045_0045.jpg 1 22 26 45 45
0128_0012_0033_0058_0058.jpg 1 12 33 58 58
0129_0007_0039_0045_0045.jpg 1 7 39 45 45
0130_0028_0037_0031_0031.jpg 1 28 37 31 31
0131_0015_0008_0066_0066.jpg 1 15 8 66 66
0132_0047_0023_0042_0042.jpg 1 47 23 42 42
0133_0030_0060_0027_0027.jpg 1 30 60 27 27
0134_0023_0021_0064_0064.jpg 1 23 21 64 64
0135_0010_0052_0039_0039.jpg 1 10 52 39 39
0136_0010_0026_0066_0066.jpg 1 10 26 66 66
0137_0031_0028_0057_0057.jpg 1 31 28 57 57
0138_0025_0027_0069_0069.jpg 1 25 27 69 69
0139_0060_0013_0029_0029.jpg 1 60 13 29 29
0140_0035_0013_0028_0028.jpg 1 35 13 28 28
0141_0040_0017_0032_0032.jpg 1 40 17 32 32
0142_0034_0035_0057_0057.jpg 1 34 35 57 57
0143_0015_0019_0055_0055.jpg 1 15 19 55 55
0144_0029_0007_0060_0060.jpg 1 29 7 60 60
0145_0017_0024_0067_0067.jpg 1 17 24 67 67
0146_0011_0020_0044_0044.jpg 1 11 20 44 44
0147_0032_0033_0043_0043.jpg 1 32 33 43 43
0148_0024_0012_0066_0066.jpg 1 24 12 66 66
0149_0030_0054_0036_0036.jpg 1 30 54 36 36
0150_0027_0033_0057_0057.jpg 1 27 33 57 57
0151_0028_0025_0036_0036.jpg 1 28 25 36 36
0152_0019_0030_0062_0062.jpg 1 19 30 62 62
0153_0025_0033_0061_0061.jpg 1 25 33 61 61
0154_0004_0036_0059_0059.jpg 1 4 36 59 59
0155_0009_0038_0031_0031.jpg 1 9 38 31 31
0156_0013_0030_0044_0044.jpg 1 13 30 44 44
0157_0055_0044_0034_0034.jpg 1 55 44 34 34
0158_0017_0011_0052_0052.jpg 1 17 11 52 52
0159_0034_0040_0031_0031.jpg 1 34 40 31 31
0160_0024_0057_0032_0032.jpg 1 24 57 32 32
0161_0020_0039_0039_0039.jpg 1 20 39 39 39
0162_0040_0046_0028_0028.jpg 1 40 46 28 28
0163_0008_0036_0028_0028.jpg 1 8 36 28 28
0164_0030_0023_0046_0046.jpg 1 30 23 46 46
0165_0046_0043_0047_0047.jpg 1 46 43 47 47
0166_0004_0024_0066_0066.jpg 1 4 24 66 66
0167_0025_0029_0059_0059.jpg 1 25 29 59 59
0168_0008_0023_0069_0069.jpg 1 8 23 69 69
0169_0038_0017_0041_0041.jpg 1 38 17 41 41
0170_0026_0045_0024_0024.jpg 1 26 45 24 24
0171_0021_0025_0060_0060.jpg 1 21 25 60 60
0172_0020_0053_0025_0025.jpg 1 20 53 25 25
0173_0006_0047_0039_0039.jpg 1 6 47 39 39
0174_0025_0034_0060_0060.jpg 1 25 34 60 60
0175_0055_0028_0027_0027.jpg 1 55 28 27 27
0176_0022_0025_0056_0056.jpg 1 22 25 56 56
0177_0021_0022_0063_0063.jpg 1 21 22 63 63
0178_0063_0038_0027_0027.jpg 1 63 38 27 27
0179_0046_0046_0035_0035.jpg 1 46 46 35 35
0180_0028_0019_0060_0060.jpg 1 28 19 60 60
0181_0024_0031_0051_0051.jpg 1 24 31 51 51
0182_0031_0026_0034_0034.jpg 1 31 26 34 34
0183_0010_0007_0065_0065.jpg 1 10 7 65 65
0184_0036_0016_0059_0059.jpg 1 36 16 59 59
0185_0066_0058_0024_0024.jpg 1 66 58 24 24
0186_0015_0020_0024_0024.jpg 1 15 20 24 24
0187_0021_0016_0068_0068.jpg 1 21 16 68 68
0188_0034_0027_0047_0047.jpg 1 34 27 47 47
0189_0018_0029_0041_0041.jpg 1 18 29 41 41
0190_0042_0040_0034_0034.jpg 1 42 40 34 34
0191_0027_0036_0057_0057.jpg 1 27 36 57 57
0192_0017_0018_0063_0063.jpg 1 17 18 63 63
0193_0022_0035_0029_0029.jpg 1 22 35 29 29
0194_0029_0025_0058_0058.jpg 1 29 25 58 58
0195_0027_0039_0052_0052.jpg 1 27 39 52 52
0196_0029_0009_0059_0059.jpg 1 29 9 59 59
0197_0047_0020_0047_0047.jpg 1 47 20 47 47
0198_0011_0038_0055_0055.jpg 1 11 38 55 55
0199_0045_0053_0037_0037.jpg 1 45 53 37 37
0200_0042_0044_0042_0042.jpg 1 42 44 42 42
0201_0052_0048_0025_0025.jpg 1 52 48 25 25
0202_0026_0025_0063_0063.jpg 1 26 25 63 63
0203_0034_0019_0031_0031.jpg 1 34 19 31 31
0204_0017_0018_0041_0041.jpg 1 17 18 41 41
0205_0009_0028_0067_0067.jpg 1 9 28 67 67
0206_0038_0008_0046_0046.jpg 1 38 8 46 46
0207_0012_0035_0049_0049.jpg 1 12 35 49 49
0208_0023_0025_0067_0067.jpg 1 23 25 67 67
0209_0022_0017_0060_0060.jpg 1 22 17 60 60
0210_0016_0022_0067_0067.jpg 1 16 22 67 67
0211_0028_0014_0026_0026.jpg 1 28 14 26 26
0212_0034_0028_0054_0054.jpg 1 34 28 54 54
0213_0037_0026_0041_0041.jpg 1 37 26 41 41
0214_0004_0013_0062_0062.jpg 1 4 13 62 62
0215_0026_0010_0043_0043.jpg 1 26 10 43 43
0216_0030_0036_0043_0043.jpg 1 30 36 43 43
0217_0013_0009_0060_0060.jpg 1 13 9 60 60
0218_0014_0038_0052_0052.jpg 1 14 38 52 52
0219_0013_0012_0046_0046.jpg 1 13 12 46 46
0220_0028_0043_0025_0025.jpg 1 28 43 25 25
0221_0023_0046_0046_0046.jpg 1 23 46 46 46
0222_0032_0039_0055_0055.jpg 1 32 39 55 55
0223_0029_0038_0045_0045.jpg 1 29 38 45 45
0224_0037_0043_0046_0046.jpg 1 37 43 46 46
0225_0012_0023_0059_0059.jpg 1 12 23 59 59
0226_0034_0046_0031_0031.jpg 1 34 46 31 31
0227_0037_0040_0035_0035.jpg 1 37 40 35 35
0228_0035_0023_0059_0059.jpg 1 35 23 59 59
0229_0014_0018_0065_0065.jpg 1 14 18 65 65
0230_0017_0036_0026_0026.jpg 1 17 36 26 26
0231_0007_0014_0066_0066.jpg 1 7 14 66 66
0232_0026_0014_0055_0055.jpg 1 26 14 55 55
0233_0010_0032_0055_0055.jpg 1 10 32 55 55
0234_0038_0039_0049_0049.jpg 1 38 39 49 49
0235_0007_0026_0069_0069.jpg 1 7 26 69 69
0236_0017_0051_0031_0031.jpg 1 17 51 31 31
0237_0038_0052_0031_0031.jpg 1 38 52 31 31
0238_0014_0010_0053_0053.jpg 1 14 10 53 53
0239_0057_0017_0033_0033.jpg 1 57 17 33 33
0240_0009_0009_0062_0062.jpg 1 9 9 62 62
0241_0028_0025_0030_0030.jpg 1 28 25 30 30
0242_0012_0025_0059_0059.jpg 1 12 25 59 59
0243_0030_0048_0027_0027.jpg 1 30 48 27 27
0244_0031_0033_0054_0054.jpg 1 31 33 54 54
0245_0008_0023_0059_0059.jpg 1 8 23 59 59
0246_0017_0007_0053_0053.jpg 1 17 7 53 53
0247_0033_0032_0048_0048.jpg 1 33 32 48 48
0248_0057_0045_0030_0030.jpg 1 57 45 30 30
0249_0024_0012_0066_0066.jpg 1 24 12 66 66
0250_0028_0049_0034_0034.jpg 1 28 49 34 34
0251_0019_0021_0055_0055.jpg 1 19 21 55 55
0252_0045_0019_0044_0044.jpg 1 45 19 44 44
0253_0039_0009_0047_0047.jpg 1 39 9 47 47
0254_0037_0012_0051_0051.jpg 1 37 12 51 51
0255_0024_0020_0068_0068.jpg 1 24 20 68 68
0256_0009_0013_0061_0061.jpg 1 9 13 61 61
0257_0043_0048_0024_0024.jpg 1 43 48 24 24
0258_0012_0027_0062_0062.jpg 1 12 27 62 62
0259_0026_0016_0035_0035.jpg 1 26 16 35 35
0260_0043_0031_0050_0050.jpg 1 43 31 50 50
0261_0004_0003_0063_0063.jpg 1 4 3 63 63
0262_0066_0045_0024_0024.jpg 1 66 45 24 24
0263_0030_0044_0047_0047.jpg 1 30 44 47 47
0264_0028_0044_0045_0045.jpg 1 28 44 45 45
0265_0011_0011_0041_0041.jpg 1 11 11 41 41
0266_0023_0021_0048_0048.jpg 1 23 21 48 48
0267_0045_0021_0048_0048.jpg 1 45 21 48 48
0268_0004_0015_0060_0060.jpg 1 4 15 60 60
0269_0035_0027_0038_0038.jpg 1 35 27 38 38
0270_0044_0005_0044_0044.jpg 1 44 5 44 44
0271_0017_0005_0067_0067.jpg 1 17 5 67 67
0272_0025_0046_0024_0024.jpg 1 25 46 24 24
0273_0009_0028_0034_0034.jpg 1 9 28 34 34
0274_0025_0066_0024_0024.jpg 1 25 66 24 24
0275_0039_0028_0053_0053.jpg 1 39 28 53 53
0276_0010_0037_0039_0039.jpg 1 10 37 39 39
0277_0040_0035_0047_0047.jpg 1 40 35 47 47
0278_0022_0014_0038_0038.jpg 1 22 14 38 38
0279_0012_0031_0043_0043.jpg 1 12 31 43 43
0280_0052_0037_0040_0040.jpg 1 52 37 40 40
0281_0035_0010_0048_0048.jpg 1 35 10 48 48
0282_0006_0012_0046_0046.jpg 1 6 12 46 46
0283_0009_0043_0044_0044.jpg 1 9 43 44 44
0284_0017_0018_0027_0027.jpg 1 17 18 27 27
0285_0050_0057_0036_0036.jpg 1 50 57 36 36
0286_0017_0020_0058_0058.jpg 1 17 20 58 58
0287_0007_0009_0061_0061.jpg 1 7 9 61 61
0288_0051_0022_0039_0039.jpg 1 51 22 39 39
0289_0007_0017_0050_0050.jpg 1 7 17 50 50
0290_0016_0023_0052_0052.jpg 1 16 23 52 52
0291_0030_0045_0033_0033.jpg 1 30 45 33 33
0292_0028_0019_0064_0064.jpg 1 28 19 64 64
0293_0023_0034_0030_0030.jpg 1 23 34 30 30
0294_0034_0011_0031_0031.jpg 1 34 11 31 31
0295_0047_0023_0044_0044.jpg 1 47 23 44 44
0296_0038_0013_0042_0042.jpg 1 38 13 42 42
0297_0028_0027_0024_0024.jpg 1 28 27 24 24
0298_0023_0008_0054_0054.jpg 1 23 8 54 54
0299_0013_0011_0050_0050.jpg 1 13 11 50 50
0300_0034_0057_0026_0026.jpg 1 34 57 26 26
